<?xml version="1.0" encoding="UTF-8"?>
<!-- Generated by org.testng.reporters.JUnitReportReporter -->
<testsuite hostname="DESKTOP-H369NVH" failures="0" tests="1" name="pageFactoryWithoutAnnotations.LoginWithoutFindBy" time="10.776" errors="0" timestamp="2022-01-06T21:47:36 IST" skipped="0">
  <testcase classname="pageFactoryWithoutAnnotations.LoginWithoutFindBy" name="login" time="10.776"/>
  <system-out/>
</testsuite> <!-- pageFactoryWithoutAnnotations.LoginWithoutFindBy -->
