<?xml version="1.0" encoding="UTF-8"?>
<!-- Generated by org.testng.reporters.JUnitReportReporter -->
<testsuite hostname="DESKTOP-H369NVH" failures="0" tests="1" name="pageFactoryWithoutAnnotations.LoginWithoutFindBy" time="19.924" errors="0" timestamp="2022-03-12T12:15:12 IST" skipped="0">
  <testcase classname="pageFactoryWithoutAnnotations.LoginWithoutFindBy" name="login" time="19.924"/>
  <system-out/>
</testsuite> <!-- pageFactoryWithoutAnnotations.LoginWithoutFindBy -->
