<?xml version="1.0" encoding="UTF-8"?>
<!-- Generated by org.testng.reporters.JUnitReportReporter -->
<testsuite hostname="DESKTOP-H369NVH" failures="0" tests="1" name="testCases.LoginTestCase" time="15.953" errors="0" timestamp="2021-10-29T17:50:54 IST" skipped="0">
  <testcase classname="testCases.LoginTestCase" name="login" time="15.953"/>
  <system-out/>
</testsuite> <!-- testCases.LoginTestCase -->
