<?xml version="1.0" encoding="UTF-8"?>
<!-- Generated by org.testng.reporters.JUnitReportReporter -->
<testsuite hostname="DESKTOP-H369NVH" failures="0" tests="1" name="pageFactoryWithoutAnnotations.LoginWithoutFindBy" time="12.829" errors="0" timestamp="2021-10-29T17:50:54 IST" skipped="0">
  <testcase classname="pageFactoryWithoutAnnotations.LoginWithoutFindBy" name="login" time="12.829"/>
  <system-out/>
</testsuite> <!-- pageFactoryWithoutAnnotations.LoginWithoutFindBy -->
