<?xml version="1.0" encoding="UTF-8"?>
<!-- Generated by org.testng.reporters.JUnitReportReporter -->
<testsuite hostname="DESKTOP-H369NVH" failures="0" tests="1" name="testCases.LoginTestCase" time="22.044" errors="0" timestamp="2022-03-12T12:12:12 IST" skipped="0">
  <testcase classname="testCases.LoginTestCase" name="login" time="22.044"/>
  <system-out/>
</testsuite> <!-- testCases.LoginTestCase -->
