<?xml version="1.0" encoding="UTF-8"?>
<!-- Generated by org.testng.reporters.JUnitReportReporter -->
<testsuite hostname="DESKTOP-H369NVH" failures="0" tests="4" name="tests.LoginTest" time="14.884" errors="0" timestamp="2022-03-12T12:09:06 IST" skipped="0">
  <testcase classname="tests.LoginTest" name="invalidLoginTest_EmptyUser" time="4.582"/>
  <system-out/>
  <testcase classname="tests.LoginTest" name="invalidLoginTest_ValidUserInValidPassword" time="2.640"/>
  <system-out/>
  <testcase classname="tests.LoginTest" name="invalidLoginTest_InvalidUserEmptyPassword" time="2.104"/>
  <system-out/>
  <testcase classname="tests.LoginTest" name="validLoginTest_ValidUserNameValidPassword" time="5.558"/>
  <system-out/>
</testsuite> <!-- tests.LoginTest -->
